<?xml version="1.0" encoding="UTF-8"?>
<!-- Generated by org.testng.reporters.JUnitReportReporter -->
<testsuite hostname="DESKTOP-FQU75EK" failures="0" tests="1" name="selenium.ForumTest" time="5.538" errors="0" timestamp="2022-12-02T17:01:50 CET" skipped="0">
  <testcase classname="selenium.ForumTest" name="TestApp" time="5.538"/>
  <system-out/>
</testsuite> <!-- selenium.ForumTest -->
