<?xml version="1.0" encoding="UTF-8"?>
<!-- Generated by org.testng.reporters.JUnitReportReporter -->
<testsuite hostname="DESKTOP-FQU75EK" failures="0" tests="1" name="selenium.RegisterTest" time="9.130" errors="0" timestamp="2022-12-01T15:48:31 CET" skipped="0">
  <testcase classname="selenium.RegisterTest" name="TestApp" time="9.130"/>
  <system-out/>
</testsuite> <!-- selenium.RegisterTest -->
