<?xml version="1.0" encoding="UTF-8"?>
<!-- Generated by org.testng.reporters.JUnitReportReporter -->
<testsuite hostname="DESKTOP-FQU75EK" failures="0" tests="1" name="selenium.LoginTest" time="6.266" errors="0" timestamp="2022-12-01T15:48:09 CET" skipped="0">
  <testcase classname="selenium.LoginTest" name="TestApp" time="6.266"/>
  <system-out/>
</testsuite> <!-- selenium.LoginTest -->
